2025-06-01T09:49:39.122+05:30  WARN 17856 --- [User-Service] [HikariPool-1:housekeeper] com.zaxxer.hikari.pool.HikariPool        : HikariPool-1 - Thread starvation or clock leap detected (housekeeper delta=11h2m36s208ms271µs500ns).
2025-06-01T12:58:27.941+05:30  INFO 13156 --- [User-Service] [main] c.h.userservice.UserServiceApplication   : Starting UserServiceApplication using Java 21.0.6 with PID 13156 (C:\Users\Tharun\Desktop\Hexaware\Java_Angular_Hexaware\CaseStudy\User-Service\target\classes started by Tharun in C:\Users\Tharun\Desktop\Hexaware\Java_Angular_Hexaware\CaseStudy\User-Service)
2025-06-01T12:58:27.942+05:30  INFO 13156 --- [User-Service] [main] c.h.userservice.UserServiceApplication   : No active profile set, falling back to 1 default profile: "default"
2025-06-01T12:58:28.906+05:30  INFO 13156 --- [User-Service] [main] .s.d.r.c.RepositoryConfigurationDelegate : Bootstrapping Spring Data JPA repositories in DEFAULT mode.
2025-06-01T12:58:28.957+05:30  INFO 13156 --- [User-Service] [main] .s.d.r.c.RepositoryConfigurationDelegate : Finished Spring Data repository scanning in 43 ms. Found 1 JPA repository interface.
2025-06-01T12:58:29.505+05:30  INFO 13156 --- [User-Service] [main] o.s.b.w.embedded.tomcat.TomcatWebServer  : Tomcat initialized with port 8080 (http)
2025-06-01T12:58:29.519+05:30  INFO 13156 --- [User-Service] [main] o.apache.catalina.core.StandardService   : Starting service [Tomcat]
2025-06-01T12:58:29.520+05:30  INFO 13156 --- [User-Service] [main] o.apache.catalina.core.StandardEngine    : Starting Servlet engine: [Apache Tomcat/10.1.41]
2025-06-01T12:58:29.581+05:30  INFO 13156 --- [User-Service] [main] o.a.c.c.C.[Tomcat].[localhost].[/]       : Initializing Spring embedded WebApplicationContext
2025-06-01T12:58:29.581+05:30  INFO 13156 --- [User-Service] [main] w.s.c.ServletWebServerApplicationContext : Root WebApplicationContext: initialization completed in 1598 ms
2025-06-01T12:58:29.709+05:30  INFO 13156 --- [User-Service] [main] o.hibernate.jpa.internal.util.LogHelper  : HHH000204: Processing PersistenceUnitInfo [name: default]
2025-06-01T12:58:29.774+05:30  INFO 13156 --- [User-Service] [main] org.hibernate.Version                    : HHH000412: Hibernate ORM core version 6.6.15.Final
2025-06-01T12:58:29.826+05:30  INFO 13156 --- [User-Service] [main] o.h.c.internal.RegionFactoryInitiator    : HHH000026: Second-level cache disabled
2025-06-01T12:58:30.162+05:30  INFO 13156 --- [User-Service] [main] o.s.o.j.p.SpringPersistenceUnitInfo      : No LoadTimeWeaver setup: ignoring JPA class transformer
2025-06-01T12:58:30.202+05:30  INFO 13156 --- [User-Service] [main] com.zaxxer.hikari.HikariDataSource       : HikariPool-1 - Starting...
2025-06-01T12:58:30.735+05:30  INFO 13156 --- [User-Service] [main] com.zaxxer.hikari.pool.HikariPool        : HikariPool-1 - Added connection com.mysql.cj.jdbc.ConnectionImpl@211da640
2025-06-01T12:58:30.738+05:30  INFO 13156 --- [User-Service] [main] com.zaxxer.hikari.HikariDataSource       : HikariPool-1 - Start completed.
2025-06-01T12:58:30.826+05:30  WARN 13156 --- [User-Service] [main] org.hibernate.orm.deprecation            : HHH90000025: MySQLDialect does not need to be specified explicitly using 'hibernate.dialect' (remove the property setting and it will be selected by default)
2025-06-01T12:58:30.846+05:30  INFO 13156 --- [User-Service] [main] org.hibernate.orm.connections.pooling    : HHH10001005: Database info:
	Database JDBC URL [Connecting through datasource 'HikariDataSource (HikariPool-1)']
	Database driver: undefined/unknown
	Database version: 8.0.41
	Autocommit mode: undefined/unknown
	Isolation level: undefined/unknown
	Minimum pool size: undefined/unknown
	Maximum pool size: undefined/unknown
2025-06-01T12:58:31.640+05:30  INFO 13156 --- [User-Service] [main] o.h.e.t.j.p.i.JtaPlatformInitiator       : HHH000489: No JTA platform available (set 'hibernate.transaction.jta.platform' to enable JTA platform integration)
2025-06-01T12:58:31.727+05:30  INFO 13156 --- [User-Service] [main] j.LocalContainerEntityManagerFactoryBean : Initialized JPA EntityManagerFactory for persistence unit 'default'
2025-06-01T12:58:32.079+05:30  INFO 13156 --- [User-Service] [main] eAuthenticationProviderManagerConfigurer : Global AuthenticationManager configured with AuthenticationProvider bean with name authenticationProvider
2025-06-01T12:58:32.080+05:30  WARN 13156 --- [User-Service] [main] r$InitializeUserDetailsManagerConfigurer : Global AuthenticationManager configured with an AuthenticationProvider bean. UserDetailsService beans will not be used by Spring Security for automatically configuring username/password login. Consider removing the AuthenticationProvider bean. Alternatively, consider using the UserDetailsService in a manually instantiated DaoAuthenticationProvider. If the current configuration is intentional, to turn off this warning, increase the logging level of 'org.springframework.security.config.annotation.authentication.configuration.InitializeUserDetailsBeanManagerConfigurer' to ERROR
2025-06-01T12:58:32.222+05:30  WARN 13156 --- [User-Service] [main] JpaBaseConfiguration$JpaWebConfiguration : spring.jpa.open-in-view is enabled by default. Therefore, database queries may be performed during view rendering. Explicitly configure spring.jpa.open-in-view to disable this warning
2025-06-01T12:58:33.405+05:30  INFO 13156 --- [User-Service] [main] o.s.b.w.embedded.tomcat.TomcatWebServer  : Tomcat started on port 8080 (http) with context path '/'
2025-06-01T12:58:33.418+05:30  INFO 13156 --- [User-Service] [main] c.h.userservice.UserServiceApplication   : Started UserServiceApplication in 6.002 seconds (process running for 6.998)
2025-06-01T13:01:23.618+05:30  INFO 13156 --- [User-Service] [http-nio-8080-exec-1] o.a.c.c.C.[Tomcat].[localhost].[/]       : Initializing Spring DispatcherServlet 'dispatcherServlet'
2025-06-01T13:01:23.622+05:30  INFO 13156 --- [User-Service] [http-nio-8080-exec-1] o.s.web.servlet.DispatcherServlet        : Initializing Servlet 'dispatcherServlet'
2025-06-01T13:01:23.639+05:30  INFO 13156 --- [User-Service] [http-nio-8080-exec-1] o.s.web.servlet.DispatcherServlet        : Completed initialization in 16 ms
2025-06-01T13:42:46.166+05:30  INFO 13156 --- [User-Service] [RMI TCP Connection(49)-127.0.0.1] inMXBeanRegistrar$SpringApplicationAdmin : Application shutdown requested.
2025-06-01T13:42:46.263+05:30  INFO 13156 --- [User-Service] [RMI TCP Connection(49)-127.0.0.1] o.s.b.w.e.tomcat.GracefulShutdown        : Commencing graceful shutdown. Waiting for active requests to complete
2025-06-01T13:42:46.284+05:30  INFO 13156 --- [User-Service] [tomcat-shutdown] o.s.b.w.e.tomcat.GracefulShutdown        : Graceful shutdown complete
2025-06-01T13:42:46.327+05:30  INFO 13156 --- [User-Service] [RMI TCP Connection(49)-127.0.0.1] j.LocalContainerEntityManagerFactoryBean : Closing JPA EntityManagerFactory for persistence unit 'default'
2025-06-01T13:42:46.359+05:30  INFO 13156 --- [User-Service] [RMI TCP Connection(49)-127.0.0.1] com.zaxxer.hikari.HikariDataSource       : HikariPool-1 - Shutdown initiated...
2025-06-01T13:42:46.370+05:30  INFO 13156 --- [User-Service] [RMI TCP Connection(49)-127.0.0.1] com.zaxxer.hikari.HikariDataSource       : HikariPool-1 - Shutdown completed.
2025-06-01T13:42:50.061+05:30  INFO 15920 --- [User-Service] [main] c.h.userservice.UserServiceApplication   : Starting UserServiceApplication using Java 21.0.6 with PID 15920 (C:\Users\Tharun\Desktop\Hexaware\Java_Angular_Hexaware\CaseStudy\User-Service\target\classes started by Tharun in C:\Users\Tharun\Desktop\Hexaware\Java_Angular_Hexaware\CaseStudy\User-Service)
2025-06-01T13:42:50.064+05:30  INFO 15920 --- [User-Service] [main] c.h.userservice.UserServiceApplication   : No active profile set, falling back to 1 default profile: "default"
2025-06-01T13:42:51.320+05:30  INFO 15920 --- [User-Service] [main] .s.d.r.c.RepositoryConfigurationDelegate : Bootstrapping Spring Data JPA repositories in DEFAULT mode.
2025-06-01T13:42:51.388+05:30  INFO 15920 --- [User-Service] [main] .s.d.r.c.RepositoryConfigurationDelegate : Finished Spring Data repository scanning in 56 ms. Found 1 JPA repository interface.
2025-06-01T13:42:51.995+05:30  INFO 15920 --- [User-Service] [main] o.s.b.w.embedded.tomcat.TomcatWebServer  : Tomcat initialized with port 8080 (http)
2025-06-01T13:42:52.019+05:30  INFO 15920 --- [User-Service] [main] o.apache.catalina.core.StandardService   : Starting service [Tomcat]
2025-06-01T13:42:52.020+05:30  INFO 15920 --- [User-Service] [main] o.apache.catalina.core.StandardEngine    : Starting Servlet engine: [Apache Tomcat/10.1.41]
2025-06-01T13:42:52.086+05:30  INFO 15920 --- [User-Service] [main] o.a.c.c.C.[Tomcat].[localhost].[/]       : Initializing Spring embedded WebApplicationContext
2025-06-01T13:42:52.087+05:30  INFO 15920 --- [User-Service] [main] w.s.c.ServletWebServerApplicationContext : Root WebApplicationContext: initialization completed in 1933 ms
2025-06-01T13:42:52.373+05:30  INFO 15920 --- [User-Service] [main] o.hibernate.jpa.internal.util.LogHelper  : HHH000204: Processing PersistenceUnitInfo [name: default]
2025-06-01T13:42:52.538+05:30  INFO 15920 --- [User-Service] [main] org.hibernate.Version                    : HHH000412: Hibernate ORM core version 6.6.15.Final
2025-06-01T13:42:52.626+05:30  INFO 15920 --- [User-Service] [main] o.h.c.internal.RegionFactoryInitiator    : HHH000026: Second-level cache disabled
2025-06-01T13:42:52.940+05:30  INFO 15920 --- [User-Service] [main] o.s.o.j.p.SpringPersistenceUnitInfo      : No LoadTimeWeaver setup: ignoring JPA class transformer
2025-06-01T13:42:52.979+05:30  INFO 15920 --- [User-Service] [main] com.zaxxer.hikari.HikariDataSource       : HikariPool-1 - Starting...
2025-06-01T13:42:53.351+05:30  INFO 15920 --- [User-Service] [main] com.zaxxer.hikari.pool.HikariPool        : HikariPool-1 - Added connection com.mysql.cj.jdbc.ConnectionImpl@3b25709e
2025-06-01T13:42:53.354+05:30  INFO 15920 --- [User-Service] [main] com.zaxxer.hikari.HikariDataSource       : HikariPool-1 - Start completed.
2025-06-01T13:42:53.421+05:30  WARN 15920 --- [User-Service] [main] org.hibernate.orm.deprecation            : HHH90000025: MySQLDialect does not need to be specified explicitly using 'hibernate.dialect' (remove the property setting and it will be selected by default)
2025-06-01T13:42:53.441+05:30  INFO 15920 --- [User-Service] [main] org.hibernate.orm.connections.pooling    : HHH10001005: Database info:
	Database JDBC URL [Connecting through datasource 'HikariDataSource (HikariPool-1)']
	Database driver: undefined/unknown
	Database version: 8.0.41
	Autocommit mode: undefined/unknown
	Isolation level: undefined/unknown
	Minimum pool size: undefined/unknown
	Maximum pool size: undefined/unknown
2025-06-01T13:42:54.184+05:30  INFO 15920 --- [User-Service] [main] o.h.e.t.j.p.i.JtaPlatformInitiator       : HHH000489: No JTA platform available (set 'hibernate.transaction.jta.platform' to enable JTA platform integration)
2025-06-01T13:42:54.249+05:30  INFO 15920 --- [User-Service] [main] j.LocalContainerEntityManagerFactoryBean : Initialized JPA EntityManagerFactory for persistence unit 'default'
2025-06-01T13:42:54.568+05:30  INFO 15920 --- [User-Service] [main] eAuthenticationProviderManagerConfigurer : Global AuthenticationManager configured with AuthenticationProvider bean with name authenticationProvider
2025-06-01T13:42:54.569+05:30  WARN 15920 --- [User-Service] [main] r$InitializeUserDetailsManagerConfigurer : Global AuthenticationManager configured with an AuthenticationProvider bean. UserDetailsService beans will not be used by Spring Security for automatically configuring username/password login. Consider removing the AuthenticationProvider bean. Alternatively, consider using the UserDetailsService in a manually instantiated DaoAuthenticationProvider. If the current configuration is intentional, to turn off this warning, increase the logging level of 'org.springframework.security.config.annotation.authentication.configuration.InitializeUserDetailsBeanManagerConfigurer' to ERROR
2025-06-01T13:42:54.684+05:30  WARN 15920 --- [User-Service] [main] JpaBaseConfiguration$JpaWebConfiguration : spring.jpa.open-in-view is enabled by default. Therefore, database queries may be performed during view rendering. Explicitly configure spring.jpa.open-in-view to disable this warning
2025-06-01T13:42:55.876+05:30  INFO 15920 --- [User-Service] [main] o.s.b.w.embedded.tomcat.TomcatWebServer  : Tomcat started on port 8080 (http) with context path '/'
2025-06-01T13:42:55.885+05:30  INFO 15920 --- [User-Service] [main] c.h.userservice.UserServiceApplication   : Started UserServiceApplication in 6.403 seconds (process running for 7.397)
2025-06-01T13:44:00.053+05:30  INFO 15920 --- [User-Service] [http-nio-8080-exec-3] o.a.c.c.C.[Tomcat].[localhost].[/]       : Initializing Spring DispatcherServlet 'dispatcherServlet'
2025-06-01T13:44:00.054+05:30  INFO 15920 --- [User-Service] [http-nio-8080-exec-3] o.s.web.servlet.DispatcherServlet        : Initializing Servlet 'dispatcherServlet'
2025-06-01T13:44:00.057+05:30  INFO 15920 --- [User-Service] [http-nio-8080-exec-3] o.s.web.servlet.DispatcherServlet        : Completed initialization in 3 ms
