2025-06-02T09:51:19.392+05:30  INFO 24196 --- [Vehicle-Service] [main] c.h.v.VehicleServiceApplication          : Starting VehicleServiceApplication using Java 21.0.6 with PID 24196 (C:\Users\Tharun\Desktop\Hexaware\Java_Angular_Hexaware\CaseStudy\Vehicle-Service\target\classes started by Tharun in C:\Users\Tharun\Desktop\Hexaware\Java_Angular_Hexaware\CaseStudy\Vehicle-Service)
2025-06-02T09:51:19.398+05:30 DEBUG 24196 --- [Vehicle-Service] [main] c.h.v.VehicleServiceApplication          : Running with Spring Boot v3.5.0, Spring v6.2.7
2025-06-02T09:51:19.401+05:30  INFO 24196 --- [Vehicle-Service] [main] c.h.v.VehicleServiceApplication          : No active profile set, falling back to 1 default profile: "default"
2025-06-02T09:51:20.695+05:30  INFO 24196 --- [Vehicle-Service] [main] .s.d.r.c.RepositoryConfigurationDelegate : Bootstrapping Spring Data JPA repositories in DEFAULT mode.
2025-06-02T09:51:20.814+05:30  INFO 24196 --- [Vehicle-Service] [main] .s.d.r.c.RepositoryConfigurationDelegate : Finished Spring Data repository scanning in 79 ms. Found 1 JPA repository interface.
2025-06-02T09:51:21.631+05:30  INFO 24196 --- [Vehicle-Service] [main] o.s.b.w.embedded.tomcat.TomcatWebServer  : Tomcat initialized with port 8181 (http)
2025-06-02T09:51:21.654+05:30  INFO 24196 --- [Vehicle-Service] [main] o.apache.catalina.core.StandardService   : Starting service [Tomcat]
2025-06-02T09:51:21.655+05:30  INFO 24196 --- [Vehicle-Service] [main] o.apache.catalina.core.StandardEngine    : Starting Servlet engine: [Apache Tomcat/10.1.41]
2025-06-02T09:51:21.736+05:30  INFO 24196 --- [Vehicle-Service] [main] o.a.c.c.C.[Tomcat].[localhost].[/]       : Initializing Spring embedded WebApplicationContext
2025-06-02T09:51:21.738+05:30  INFO 24196 --- [Vehicle-Service] [main] w.s.c.ServletWebServerApplicationContext : Root WebApplicationContext: initialization completed in 2179 ms
2025-06-02T09:51:21.833+05:30 DEBUG 24196 --- [Vehicle-Service] [main] c.h.vehicleservice.filter.JwtAuthFilter  : Filter 'jwtAuthFilter' configured for use
2025-06-02T09:51:22.393+05:30  INFO 24196 --- [Vehicle-Service] [main] o.hibernate.jpa.internal.util.LogHelper  : HHH000204: Processing PersistenceUnitInfo [name: default]
2025-06-02T09:51:22.532+05:30  INFO 24196 --- [Vehicle-Service] [main] org.hibernate.Version                    : HHH000412: Hibernate ORM core version 6.6.15.Final
2025-06-02T09:51:22.591+05:30  INFO 24196 --- [Vehicle-Service] [main] o.h.c.internal.RegionFactoryInitiator    : HHH000026: Second-level cache disabled
2025-06-02T09:51:23.385+05:30  INFO 24196 --- [Vehicle-Service] [main] o.s.o.j.p.SpringPersistenceUnitInfo      : No LoadTimeWeaver setup: ignoring JPA class transformer
2025-06-02T09:51:23.486+05:30  INFO 24196 --- [Vehicle-Service] [main] com.zaxxer.hikari.HikariDataSource       : HikariPool-1 - Starting...
2025-06-02T09:51:24.972+05:30  INFO 24196 --- [Vehicle-Service] [main] com.zaxxer.hikari.pool.HikariPool        : HikariPool-1 - Added connection com.mysql.cj.jdbc.ConnectionImpl@2ebf524
2025-06-02T09:51:24.974+05:30  INFO 24196 --- [Vehicle-Service] [main] com.zaxxer.hikari.HikariDataSource       : HikariPool-1 - Start completed.
2025-06-02T09:51:25.113+05:30  WARN 24196 --- [Vehicle-Service] [main] org.hibernate.orm.deprecation            : HHH90000025: MySQLDialect does not need to be specified explicitly using 'hibernate.dialect' (remove the property setting and it will be selected by default)
2025-06-02T09:51:25.135+05:30  INFO 24196 --- [Vehicle-Service] [main] org.hibernate.orm.connections.pooling    : HHH10001005: Database info:
	Database JDBC URL [Connecting through datasource 'HikariDataSource (HikariPool-1)']
	Database driver: undefined/unknown
	Database version: 8.0.41
	Autocommit mode: undefined/unknown
	Isolation level: undefined/unknown
	Minimum pool size: undefined/unknown
	Maximum pool size: undefined/unknown
2025-06-02T09:51:26.240+05:30  INFO 24196 --- [Vehicle-Service] [main] o.h.e.t.j.p.i.JtaPlatformInitiator       : HHH000489: No JTA platform available (set 'hibernate.transaction.jta.platform' to enable JTA platform integration)
2025-06-02T09:51:26.304+05:30  INFO 24196 --- [Vehicle-Service] [main] j.LocalContainerEntityManagerFactoryBean : Initialized JPA EntityManagerFactory for persistence unit 'default'
2025-06-02T09:51:26.603+05:30  INFO 24196 --- [Vehicle-Service] [main] o.s.d.j.r.query.QueryEnhancerFactory     : Hibernate is in classpath; If applicable, HQL parser will be used.
2025-06-02T09:51:27.549+05:30  WARN 24196 --- [Vehicle-Service] [main] JpaBaseConfiguration$JpaWebConfiguration : spring.jpa.open-in-view is enabled by default. Therefore, database queries may be performed during view rendering. Explicitly configure spring.jpa.open-in-view to disable this warning
2025-06-02T09:51:29.367+05:30  INFO 24196 --- [Vehicle-Service] [main] o.s.b.w.embedded.tomcat.TomcatWebServer  : Tomcat started on port 8181 (http) with context path '/'
2025-06-02T09:51:29.380+05:30  INFO 24196 --- [Vehicle-Service] [main] c.h.v.VehicleServiceApplication          : Started VehicleServiceApplication in 10.857 seconds (process running for 11.94)
2025-06-02T09:56:03.245+05:30  INFO 24196 --- [Vehicle-Service] [http-nio-8181-exec-2] o.a.c.c.C.[Tomcat].[localhost].[/]       : Initializing Spring DispatcherServlet 'dispatcherServlet'
2025-06-02T09:56:03.245+05:30  INFO 24196 --- [Vehicle-Service] [http-nio-8181-exec-2] o.s.web.servlet.DispatcherServlet        : Initializing Servlet 'dispatcherServlet'
2025-06-02T09:56:03.247+05:30  INFO 24196 --- [Vehicle-Service] [http-nio-8181-exec-2] o.s.web.servlet.DispatcherServlet        : Completed initialization in 1 ms
2025-06-02T09:56:53.131+05:30  INFO 24196 --- [Vehicle-Service] [http-nio-8181-exec-4] c.h.v.service.CarServiceImp              : Updating price of car with cardId 1
2025-06-02T09:56:53.257+05:30 DEBUG 24196 --- [Vehicle-Service] [http-nio-8181-exec-4] c.h.v.service.CarServiceImp              : Updated price of car with cardId 1
2025-06-02T10:26:19.756+05:30  INFO 24196 --- [Vehicle-Service] [RMI TCP Connection(38)-127.0.0.1] inMXBeanRegistrar$SpringApplicationAdmin : Application shutdown requested.
2025-06-02T10:26:19.824+05:30  INFO 24196 --- [Vehicle-Service] [RMI TCP Connection(38)-127.0.0.1] o.s.b.w.e.tomcat.GracefulShutdown        : Commencing graceful shutdown. Waiting for active requests to complete
2025-06-02T10:26:19.839+05:30  INFO 24196 --- [Vehicle-Service] [tomcat-shutdown] o.s.b.w.e.tomcat.GracefulShutdown        : Graceful shutdown complete
2025-06-02T10:26:19.863+05:30  INFO 24196 --- [Vehicle-Service] [RMI TCP Connection(38)-127.0.0.1] j.LocalContainerEntityManagerFactoryBean : Closing JPA EntityManagerFactory for persistence unit 'default'
2025-06-02T10:26:19.894+05:30  INFO 24196 --- [Vehicle-Service] [RMI TCP Connection(38)-127.0.0.1] com.zaxxer.hikari.HikariDataSource       : HikariPool-1 - Shutdown initiated...
2025-06-02T10:26:19.908+05:30  INFO 24196 --- [Vehicle-Service] [RMI TCP Connection(38)-127.0.0.1] com.zaxxer.hikari.HikariDataSource       : HikariPool-1 - Shutdown completed.
2025-06-02T10:26:22.246+05:30  INFO 22200 --- [Vehicle-Service] [main] c.h.v.VehicleServiceApplication          : Starting VehicleServiceApplication using Java 21.0.6 with PID 22200 (C:\Users\Tharun\Desktop\Hexaware\Java_Angular_Hexaware\CaseStudy\Vehicle-Service\target\classes started by Tharun in C:\Users\Tharun\Desktop\Hexaware\Java_Angular_Hexaware\CaseStudy\Vehicle-Service)
2025-06-02T10:26:22.251+05:30 DEBUG 22200 --- [Vehicle-Service] [main] c.h.v.VehicleServiceApplication          : Running with Spring Boot v3.5.0, Spring v6.2.7
2025-06-02T10:26:22.258+05:30  INFO 22200 --- [Vehicle-Service] [main] c.h.v.VehicleServiceApplication          : No active profile set, falling back to 1 default profile: "default"
2025-06-02T10:26:23.195+05:30  INFO 22200 --- [Vehicle-Service] [main] .s.d.r.c.RepositoryConfigurationDelegate : Bootstrapping Spring Data JPA repositories in DEFAULT mode.
2025-06-02T10:26:23.259+05:30  INFO 22200 --- [Vehicle-Service] [main] .s.d.r.c.RepositoryConfigurationDelegate : Finished Spring Data repository scanning in 51 ms. Found 1 JPA repository interface.
2025-06-02T10:26:23.791+05:30  INFO 22200 --- [Vehicle-Service] [main] o.s.b.w.embedded.tomcat.TomcatWebServer  : Tomcat initialized with port 8181 (http)
2025-06-02T10:26:23.809+05:30  INFO 22200 --- [Vehicle-Service] [main] o.apache.catalina.core.StandardService   : Starting service [Tomcat]
2025-06-02T10:26:23.810+05:30  INFO 22200 --- [Vehicle-Service] [main] o.apache.catalina.core.StandardEngine    : Starting Servlet engine: [Apache Tomcat/10.1.41]
2025-06-02T10:26:23.868+05:30  INFO 22200 --- [Vehicle-Service] [main] o.a.c.c.C.[Tomcat].[localhost].[/]       : Initializing Spring embedded WebApplicationContext
2025-06-02T10:26:23.869+05:30  INFO 22200 --- [Vehicle-Service] [main] w.s.c.ServletWebServerApplicationContext : Root WebApplicationContext: initialization completed in 1558 ms
2025-06-02T10:26:23.941+05:30 DEBUG 22200 --- [Vehicle-Service] [main] c.h.vehicleservice.filter.JwtAuthFilter  : Filter 'jwtAuthFilter' configured for use
2025-06-02T10:26:24.136+05:30  INFO 22200 --- [Vehicle-Service] [main] o.hibernate.jpa.internal.util.LogHelper  : HHH000204: Processing PersistenceUnitInfo [name: default]
2025-06-02T10:26:24.190+05:30  INFO 22200 --- [Vehicle-Service] [main] org.hibernate.Version                    : HHH000412: Hibernate ORM core version 6.6.15.Final
2025-06-02T10:26:24.222+05:30  INFO 22200 --- [Vehicle-Service] [main] o.h.c.internal.RegionFactoryInitiator    : HHH000026: Second-level cache disabled
2025-06-02T10:26:24.444+05:30  INFO 22200 --- [Vehicle-Service] [main] o.s.o.j.p.SpringPersistenceUnitInfo      : No LoadTimeWeaver setup: ignoring JPA class transformer
2025-06-02T10:26:24.475+05:30  INFO 22200 --- [Vehicle-Service] [main] com.zaxxer.hikari.HikariDataSource       : HikariPool-1 - Starting...
2025-06-02T10:26:24.796+05:30  INFO 22200 --- [Vehicle-Service] [main] com.zaxxer.hikari.pool.HikariPool        : HikariPool-1 - Added connection com.mysql.cj.jdbc.ConnectionImpl@470135da
2025-06-02T10:26:24.799+05:30  INFO 22200 --- [Vehicle-Service] [main] com.zaxxer.hikari.HikariDataSource       : HikariPool-1 - Start completed.
2025-06-02T10:26:24.849+05:30  WARN 22200 --- [Vehicle-Service] [main] org.hibernate.orm.deprecation            : HHH90000025: MySQLDialect does not need to be specified explicitly using 'hibernate.dialect' (remove the property setting and it will be selected by default)
2025-06-02T10:26:24.864+05:30  INFO 22200 --- [Vehicle-Service] [main] org.hibernate.orm.connections.pooling    : HHH10001005: Database info:
	Database JDBC URL [Connecting through datasource 'HikariDataSource (HikariPool-1)']
	Database driver: undefined/unknown
	Database version: 8.0.41
	Autocommit mode: undefined/unknown
	Isolation level: undefined/unknown
	Minimum pool size: undefined/unknown
	Maximum pool size: undefined/unknown
2025-06-02T10:26:25.811+05:30  INFO 22200 --- [Vehicle-Service] [main] o.h.e.t.j.p.i.JtaPlatformInitiator       : HHH000489: No JTA platform available (set 'hibernate.transaction.jta.platform' to enable JTA platform integration)
2025-06-02T10:26:25.872+05:30  INFO 22200 --- [Vehicle-Service] [main] j.LocalContainerEntityManagerFactoryBean : Initialized JPA EntityManagerFactory for persistence unit 'default'
2025-06-02T10:26:26.179+05:30  INFO 22200 --- [Vehicle-Service] [main] o.s.d.j.r.query.QueryEnhancerFactory     : Hibernate is in classpath; If applicable, HQL parser will be used.
2025-06-02T10:26:26.851+05:30  WARN 22200 --- [Vehicle-Service] [main] JpaBaseConfiguration$JpaWebConfiguration : spring.jpa.open-in-view is enabled by default. Therefore, database queries may be performed during view rendering. Explicitly configure spring.jpa.open-in-view to disable this warning
2025-06-02T10:26:28.410+05:30  INFO 22200 --- [Vehicle-Service] [main] o.s.b.w.embedded.tomcat.TomcatWebServer  : Tomcat started on port 8181 (http) with context path '/'
2025-06-02T10:26:28.420+05:30  INFO 22200 --- [Vehicle-Service] [main] c.h.v.VehicleServiceApplication          : Started VehicleServiceApplication in 6.662 seconds (process running for 7.213)
2025-06-02T10:28:29.469+05:30  INFO 22200 --- [Vehicle-Service] [http-nio-8181-exec-2] o.a.c.c.C.[Tomcat].[localhost].[/]       : Initializing Spring DispatcherServlet 'dispatcherServlet'
2025-06-02T10:28:29.472+05:30  INFO 22200 --- [Vehicle-Service] [http-nio-8181-exec-2] o.s.web.servlet.DispatcherServlet        : Initializing Servlet 'dispatcherServlet'
2025-06-02T10:28:29.476+05:30  INFO 22200 --- [Vehicle-Service] [http-nio-8181-exec-2] o.s.web.servlet.DispatcherServlet        : Completed initialization in 4 ms
2025-06-02T10:38:38.714+05:30  INFO 22200 --- [Vehicle-Service] [RMI TCP Connection(17)-127.0.0.1] inMXBeanRegistrar$SpringApplicationAdmin : Application shutdown requested.
2025-06-02T10:38:38.800+05:30  INFO 22200 --- [Vehicle-Service] [RMI TCP Connection(17)-127.0.0.1] o.s.b.w.e.tomcat.GracefulShutdown        : Commencing graceful shutdown. Waiting for active requests to complete
2025-06-02T10:38:38.830+05:30  INFO 22200 --- [Vehicle-Service] [tomcat-shutdown] o.s.b.w.e.tomcat.GracefulShutdown        : Graceful shutdown complete
2025-06-02T10:38:38.881+05:30  INFO 22200 --- [Vehicle-Service] [RMI TCP Connection(17)-127.0.0.1] j.LocalContainerEntityManagerFactoryBean : Closing JPA EntityManagerFactory for persistence unit 'default'
2025-06-02T10:38:38.970+05:30  INFO 22200 --- [Vehicle-Service] [RMI TCP Connection(17)-127.0.0.1] com.zaxxer.hikari.HikariDataSource       : HikariPool-1 - Shutdown initiated...
2025-06-02T10:38:39.078+05:30  INFO 22200 --- [Vehicle-Service] [RMI TCP Connection(17)-127.0.0.1] com.zaxxer.hikari.HikariDataSource       : HikariPool-1 - Shutdown completed.
2025-06-02T10:38:41.490+05:30  INFO 12692 --- [Vehicle-Service] [main] c.h.v.VehicleServiceApplication          : Starting VehicleServiceApplication using Java 21.0.6 with PID 12692 (C:\Users\Tharun\Desktop\Hexaware\Java_Angular_Hexaware\CaseStudy\Vehicle-Service\target\classes started by Tharun in C:\Users\Tharun\Desktop\Hexaware\Java_Angular_Hexaware\CaseStudy\Vehicle-Service)
2025-06-02T10:38:41.492+05:30 DEBUG 12692 --- [Vehicle-Service] [main] c.h.v.VehicleServiceApplication          : Running with Spring Boot v3.5.0, Spring v6.2.7
2025-06-02T10:38:41.493+05:30  INFO 12692 --- [Vehicle-Service] [main] c.h.v.VehicleServiceApplication          : No active profile set, falling back to 1 default profile: "default"
2025-06-02T10:38:42.327+05:30  INFO 12692 --- [Vehicle-Service] [main] .s.d.r.c.RepositoryConfigurationDelegate : Bootstrapping Spring Data JPA repositories in DEFAULT mode.
2025-06-02T10:38:42.390+05:30  INFO 12692 --- [Vehicle-Service] [main] .s.d.r.c.RepositoryConfigurationDelegate : Finished Spring Data repository scanning in 50 ms. Found 1 JPA repository interface.
2025-06-02T10:38:43.013+05:30  INFO 12692 --- [Vehicle-Service] [main] o.s.b.w.embedded.tomcat.TomcatWebServer  : Tomcat initialized with port 8181 (http)
2025-06-02T10:38:43.032+05:30  INFO 12692 --- [Vehicle-Service] [main] o.apache.catalina.core.StandardService   : Starting service [Tomcat]
2025-06-02T10:38:43.033+05:30  INFO 12692 --- [Vehicle-Service] [main] o.apache.catalina.core.StandardEngine    : Starting Servlet engine: [Apache Tomcat/10.1.41]
2025-06-02T10:38:43.095+05:30  INFO 12692 --- [Vehicle-Service] [main] o.a.c.c.C.[Tomcat].[localhost].[/]       : Initializing Spring embedded WebApplicationContext
2025-06-02T10:38:43.095+05:30  INFO 12692 --- [Vehicle-Service] [main] w.s.c.ServletWebServerApplicationContext : Root WebApplicationContext: initialization completed in 1539 ms
2025-06-02T10:38:43.161+05:30 DEBUG 12692 --- [Vehicle-Service] [main] c.h.vehicleservice.filter.JwtAuthFilter  : Filter 'jwtAuthFilter' configured for use
2025-06-02T10:38:43.292+05:30  INFO 12692 --- [Vehicle-Service] [main] o.hibernate.jpa.internal.util.LogHelper  : HHH000204: Processing PersistenceUnitInfo [name: default]
2025-06-02T10:38:43.355+05:30  INFO 12692 --- [Vehicle-Service] [main] org.hibernate.Version                    : HHH000412: Hibernate ORM core version 6.6.15.Final
2025-06-02T10:38:43.391+05:30  INFO 12692 --- [Vehicle-Service] [main] o.h.c.internal.RegionFactoryInitiator    : HHH000026: Second-level cache disabled
2025-06-02T10:38:43.614+05:30  INFO 12692 --- [Vehicle-Service] [main] o.s.o.j.p.SpringPersistenceUnitInfo      : No LoadTimeWeaver setup: ignoring JPA class transformer
2025-06-02T10:38:43.646+05:30  INFO 12692 --- [Vehicle-Service] [main] com.zaxxer.hikari.HikariDataSource       : HikariPool-1 - Starting...
2025-06-02T10:38:43.959+05:30  INFO 12692 --- [Vehicle-Service] [main] com.zaxxer.hikari.pool.HikariPool        : HikariPool-1 - Added connection com.mysql.cj.jdbc.ConnectionImpl@4b9fa2f
2025-06-02T10:38:43.962+05:30  INFO 12692 --- [Vehicle-Service] [main] com.zaxxer.hikari.HikariDataSource       : HikariPool-1 - Start completed.
2025-06-02T10:38:44.011+05:30  WARN 12692 --- [Vehicle-Service] [main] org.hibernate.orm.deprecation            : HHH90000025: MySQLDialect does not need to be specified explicitly using 'hibernate.dialect' (remove the property setting and it will be selected by default)
2025-06-02T10:38:44.025+05:30  INFO 12692 --- [Vehicle-Service] [main] org.hibernate.orm.connections.pooling    : HHH10001005: Database info:
	Database JDBC URL [Connecting through datasource 'HikariDataSource (HikariPool-1)']
	Database driver: undefined/unknown
	Database version: 8.0.41
	Autocommit mode: undefined/unknown
	Isolation level: undefined/unknown
	Minimum pool size: undefined/unknown
	Maximum pool size: undefined/unknown
2025-06-02T10:38:44.802+05:30  INFO 12692 --- [Vehicle-Service] [main] o.h.e.t.j.p.i.JtaPlatformInitiator       : HHH000489: No JTA platform available (set 'hibernate.transaction.jta.platform' to enable JTA platform integration)
2025-06-02T10:38:44.859+05:30  INFO 12692 --- [Vehicle-Service] [main] j.LocalContainerEntityManagerFactoryBean : Initialized JPA EntityManagerFactory for persistence unit 'default'
2025-06-02T10:38:45.132+05:30  INFO 12692 --- [Vehicle-Service] [main] o.s.d.j.r.query.QueryEnhancerFactory     : Hibernate is in classpath; If applicable, HQL parser will be used.
2025-06-02T10:38:45.794+05:30  WARN 12692 --- [Vehicle-Service] [main] JpaBaseConfiguration$JpaWebConfiguration : spring.jpa.open-in-view is enabled by default. Therefore, database queries may be performed during view rendering. Explicitly configure spring.jpa.open-in-view to disable this warning
2025-06-02T10:38:46.904+05:30  WARN 12692 --- [Vehicle-Service] [main] thorizationManagerRequestMatcherRegistry : One of the patterns in [/api/cars/get/available, api/cars/get/{carId}, /api/cars/get, /api/cars/available] is missing a leading slash. This is discouraged; please include the leading slash in all your request matcher patterns. In future versions of Spring Security, leaving out the leading slash will result in an exception.
2025-06-02T10:38:47.363+05:30  INFO 12692 --- [Vehicle-Service] [main] o.s.b.w.embedded.tomcat.TomcatWebServer  : Tomcat started on port 8181 (http) with context path '/'
2025-06-02T10:38:47.372+05:30  INFO 12692 --- [Vehicle-Service] [main] c.h.v.VehicleServiceApplication          : Started VehicleServiceApplication in 6.324 seconds (process running for 6.898)
2025-06-02T10:39:11.089+05:30  INFO 12692 --- [Vehicle-Service] [http-nio-8181-exec-3] o.a.c.c.C.[Tomcat].[localhost].[/]       : Initializing Spring DispatcherServlet 'dispatcherServlet'
2025-06-02T10:39:11.090+05:30  INFO 12692 --- [Vehicle-Service] [http-nio-8181-exec-3] o.s.web.servlet.DispatcherServlet        : Initializing Servlet 'dispatcherServlet'
2025-06-02T10:39:11.094+05:30  INFO 12692 --- [Vehicle-Service] [http-nio-8181-exec-3] o.s.web.servlet.DispatcherServlet        : Completed initialization in 3 ms
2025-06-02T10:40:36.634+05:30  INFO 12692 --- [Vehicle-Service] [http-nio-8181-exec-1] c.h.v.service.CarServiceImp              : Fetching all available cars
2025-06-02T10:40:36.668+05:30 DEBUG 12692 --- [Vehicle-Service] [http-nio-8181-exec-1] c.h.v.service.CarServiceImp              : Found 4 available cars
2025-06-02T10:41:38.001+05:30  INFO 12692 --- [Vehicle-Service] [http-nio-8181-exec-6] c.h.v.service.CarServiceImp              : Fetching car with id=1 
2025-06-02T10:41:38.018+05:30 DEBUG 12692 --- [Vehicle-Service] [http-nio-8181-exec-6] c.h.v.service.CarServiceImp              : Car found: Car [carId=1, carName=Honda, year=2019, make=Civic, carStatus=Available, location=Chennai, passengerCapacity=5, pricePerDay=2000.0]
2025-06-02T10:48:28.605+05:30  INFO 12692 --- [Vehicle-Service] [RMI TCP Connection(14)-127.0.0.1] inMXBeanRegistrar$SpringApplicationAdmin : Application shutdown requested.
2025-06-02T10:48:28.735+05:30  INFO 12692 --- [Vehicle-Service] [RMI TCP Connection(14)-127.0.0.1] o.s.b.w.e.tomcat.GracefulShutdown        : Commencing graceful shutdown. Waiting for active requests to complete
2025-06-02T10:48:28.762+05:30  INFO 12692 --- [Vehicle-Service] [tomcat-shutdown] o.s.b.w.e.tomcat.GracefulShutdown        : Graceful shutdown complete
2025-06-02T10:48:28.817+05:30  INFO 12692 --- [Vehicle-Service] [RMI TCP Connection(14)-127.0.0.1] j.LocalContainerEntityManagerFactoryBean : Closing JPA EntityManagerFactory for persistence unit 'default'
2025-06-02T10:48:28.875+05:30  INFO 12692 --- [Vehicle-Service] [RMI TCP Connection(14)-127.0.0.1] com.zaxxer.hikari.HikariDataSource       : HikariPool-1 - Shutdown initiated...
2025-06-02T10:48:28.948+05:30  INFO 12692 --- [Vehicle-Service] [RMI TCP Connection(14)-127.0.0.1] com.zaxxer.hikari.HikariDataSource       : HikariPool-1 - Shutdown completed.
2025-06-02T10:48:31.338+05:30  INFO 13348 --- [Vehicle-Service] [main] c.h.v.VehicleServiceApplication          : Starting VehicleServiceApplication using Java 21.0.6 with PID 13348 (C:\Users\Tharun\Desktop\Hexaware\Java_Angular_Hexaware\CaseStudy\Vehicle-Service\target\classes started by Tharun in C:\Users\Tharun\Desktop\Hexaware\Java_Angular_Hexaware\CaseStudy\Vehicle-Service)
2025-06-02T10:48:31.340+05:30 DEBUG 13348 --- [Vehicle-Service] [main] c.h.v.VehicleServiceApplication          : Running with Spring Boot v3.5.0, Spring v6.2.7
2025-06-02T10:48:31.341+05:30  INFO 13348 --- [Vehicle-Service] [main] c.h.v.VehicleServiceApplication          : No active profile set, falling back to 1 default profile: "default"
2025-06-02T10:48:32.186+05:30  INFO 13348 --- [Vehicle-Service] [main] .s.d.r.c.RepositoryConfigurationDelegate : Bootstrapping Spring Data JPA repositories in DEFAULT mode.
2025-06-02T10:48:32.238+05:30  INFO 13348 --- [Vehicle-Service] [main] .s.d.r.c.RepositoryConfigurationDelegate : Finished Spring Data repository scanning in 41 ms. Found 1 JPA repository interface.
2025-06-02T10:48:32.799+05:30  INFO 13348 --- [Vehicle-Service] [main] o.s.b.w.embedded.tomcat.TomcatWebServer  : Tomcat initialized with port 8181 (http)
2025-06-02T10:48:32.818+05:30  INFO 13348 --- [Vehicle-Service] [main] o.apache.catalina.core.StandardService   : Starting service [Tomcat]
2025-06-02T10:48:32.819+05:30  INFO 13348 --- [Vehicle-Service] [main] o.apache.catalina.core.StandardEngine    : Starting Servlet engine: [Apache Tomcat/10.1.41]
2025-06-02T10:48:32.881+05:30  INFO 13348 --- [Vehicle-Service] [main] o.a.c.c.C.[Tomcat].[localhost].[/]       : Initializing Spring embedded WebApplicationContext
2025-06-02T10:48:32.882+05:30  INFO 13348 --- [Vehicle-Service] [main] w.s.c.ServletWebServerApplicationContext : Root WebApplicationContext: initialization completed in 1490 ms
2025-06-02T10:48:32.952+05:30 DEBUG 13348 --- [Vehicle-Service] [main] c.h.vehicleservice.filter.JwtAuthFilter  : Filter 'jwtAuthFilter' configured for use
2025-06-02T10:48:33.124+05:30  INFO 13348 --- [Vehicle-Service] [main] o.hibernate.jpa.internal.util.LogHelper  : HHH000204: Processing PersistenceUnitInfo [name: default]
2025-06-02T10:48:33.208+05:30  INFO 13348 --- [Vehicle-Service] [main] org.hibernate.Version                    : HHH000412: Hibernate ORM core version 6.6.15.Final
2025-06-02T10:48:33.273+05:30  INFO 13348 --- [Vehicle-Service] [main] o.h.c.internal.RegionFactoryInitiator    : HHH000026: Second-level cache disabled
2025-06-02T10:48:33.677+05:30  INFO 13348 --- [Vehicle-Service] [main] o.s.o.j.p.SpringPersistenceUnitInfo      : No LoadTimeWeaver setup: ignoring JPA class transformer
2025-06-02T10:48:33.711+05:30  INFO 13348 --- [Vehicle-Service] [main] com.zaxxer.hikari.HikariDataSource       : HikariPool-1 - Starting...
2025-06-02T10:48:34.141+05:30  INFO 13348 --- [Vehicle-Service] [main] com.zaxxer.hikari.pool.HikariPool        : HikariPool-1 - Added connection com.mysql.cj.jdbc.ConnectionImpl@2b62475a
2025-06-02T10:48:34.143+05:30  INFO 13348 --- [Vehicle-Service] [main] com.zaxxer.hikari.HikariDataSource       : HikariPool-1 - Start completed.
2025-06-02T10:48:34.208+05:30  WARN 13348 --- [Vehicle-Service] [main] org.hibernate.orm.deprecation            : HHH90000025: MySQLDialect does not need to be specified explicitly using 'hibernate.dialect' (remove the property setting and it will be selected by default)
2025-06-02T10:48:34.227+05:30  INFO 13348 --- [Vehicle-Service] [main] org.hibernate.orm.connections.pooling    : HHH10001005: Database info:
	Database JDBC URL [Connecting through datasource 'HikariDataSource (HikariPool-1)']
	Database driver: undefined/unknown
	Database version: 8.0.41
	Autocommit mode: undefined/unknown
	Isolation level: undefined/unknown
	Minimum pool size: undefined/unknown
	Maximum pool size: undefined/unknown
2025-06-02T10:48:35.191+05:30  INFO 13348 --- [Vehicle-Service] [main] o.h.e.t.j.p.i.JtaPlatformInitiator       : HHH000489: No JTA platform available (set 'hibernate.transaction.jta.platform' to enable JTA platform integration)
2025-06-02T10:48:35.242+05:30  INFO 13348 --- [Vehicle-Service] [main] j.LocalContainerEntityManagerFactoryBean : Initialized JPA EntityManagerFactory for persistence unit 'default'
2025-06-02T10:48:35.516+05:30  INFO 13348 --- [Vehicle-Service] [main] o.s.d.j.r.query.QueryEnhancerFactory     : Hibernate is in classpath; If applicable, HQL parser will be used.
2025-06-02T10:48:36.381+05:30  WARN 13348 --- [Vehicle-Service] [main] JpaBaseConfiguration$JpaWebConfiguration : spring.jpa.open-in-view is enabled by default. Therefore, database queries may be performed during view rendering. Explicitly configure spring.jpa.open-in-view to disable this warning
2025-06-02T10:48:37.347+05:30  WARN 13348 --- [Vehicle-Service] [main] thorizationManagerRequestMatcherRegistry : One of the patterns in [/api/cars/get/available, api/cars/get/{carId}, /api/cars/get, /api/cars/available] is missing a leading slash. This is discouraged; please include the leading slash in all your request matcher patterns. In future versions of Spring Security, leaving out the leading slash will result in an exception.
2025-06-02T10:48:37.812+05:30  INFO 13348 --- [Vehicle-Service] [main] o.s.b.w.embedded.tomcat.TomcatWebServer  : Tomcat started on port 8181 (http) with context path '/'
2025-06-02T10:48:37.831+05:30  INFO 13348 --- [Vehicle-Service] [main] c.h.v.VehicleServiceApplication          : Started VehicleServiceApplication in 6.88 seconds (process running for 7.4)
2025-06-02T11:29:31.222+05:30  INFO 13348 --- [Vehicle-Service] [RMI TCP Connection(45)-127.0.0.1] inMXBeanRegistrar$SpringApplicationAdmin : Application shutdown requested.
2025-06-02T11:29:31.696+05:30  INFO 13348 --- [Vehicle-Service] [RMI TCP Connection(45)-127.0.0.1] o.s.b.w.e.tomcat.GracefulShutdown        : Commencing graceful shutdown. Waiting for active requests to complete
2025-06-02T11:29:31.789+05:30  INFO 13348 --- [Vehicle-Service] [tomcat-shutdown] o.s.b.w.e.tomcat.GracefulShutdown        : Graceful shutdown complete
2025-06-02T11:29:31.911+05:30  INFO 13348 --- [Vehicle-Service] [RMI TCP Connection(45)-127.0.0.1] j.LocalContainerEntityManagerFactoryBean : Closing JPA EntityManagerFactory for persistence unit 'default'
2025-06-02T11:29:32.035+05:30  INFO 13348 --- [Vehicle-Service] [RMI TCP Connection(45)-127.0.0.1] com.zaxxer.hikari.HikariDataSource       : HikariPool-1 - Shutdown initiated...
2025-06-02T11:29:32.080+05:30  INFO 13348 --- [Vehicle-Service] [RMI TCP Connection(45)-127.0.0.1] com.zaxxer.hikari.HikariDataSource       : HikariPool-1 - Shutdown completed.
2025-06-02T11:29:34.668+05:30  INFO 3428 --- [Vehicle-Service] [main] c.h.v.VehicleServiceApplication          : Starting VehicleServiceApplication using Java 21.0.6 with PID 3428 (C:\Users\Tharun\Desktop\Hexaware\Java_Angular_Hexaware\CaseStudy\Vehicle-Service\target\classes started by Tharun in C:\Users\Tharun\Desktop\Hexaware\Java_Angular_Hexaware\CaseStudy\Vehicle-Service)
2025-06-02T11:29:34.672+05:30 DEBUG 3428 --- [Vehicle-Service] [main] c.h.v.VehicleServiceApplication          : Running with Spring Boot v3.5.0, Spring v6.2.7
2025-06-02T11:29:34.674+05:30  INFO 3428 --- [Vehicle-Service] [main] c.h.v.VehicleServiceApplication          : No active profile set, falling back to 1 default profile: "default"
2025-06-02T11:29:35.650+05:30  INFO 3428 --- [Vehicle-Service] [main] .s.d.r.c.RepositoryConfigurationDelegate : Bootstrapping Spring Data JPA repositories in DEFAULT mode.
2025-06-02T11:29:35.704+05:30  INFO 3428 --- [Vehicle-Service] [main] .s.d.r.c.RepositoryConfigurationDelegate : Finished Spring Data repository scanning in 43 ms. Found 1 JPA repository interface.
2025-06-02T11:29:36.202+05:30  INFO 3428 --- [Vehicle-Service] [main] o.s.b.w.embedded.tomcat.TomcatWebServer  : Tomcat initialized with port 8181 (http)
2025-06-02T11:29:36.217+05:30  INFO 3428 --- [Vehicle-Service] [main] o.apache.catalina.core.StandardService   : Starting service [Tomcat]
2025-06-02T11:29:36.218+05:30  INFO 3428 --- [Vehicle-Service] [main] o.apache.catalina.core.StandardEngine    : Starting Servlet engine: [Apache Tomcat/10.1.41]
2025-06-02T11:29:36.270+05:30  INFO 3428 --- [Vehicle-Service] [main] o.a.c.c.C.[Tomcat].[localhost].[/]       : Initializing Spring embedded WebApplicationContext
2025-06-02T11:29:36.271+05:30  INFO 3428 --- [Vehicle-Service] [main] w.s.c.ServletWebServerApplicationContext : Root WebApplicationContext: initialization completed in 1508 ms
2025-06-02T11:29:36.335+05:30 DEBUG 3428 --- [Vehicle-Service] [main] c.h.vehicleservice.filter.JwtAuthFilter  : Filter 'jwtAuthFilter' configured for use
2025-06-02T11:29:36.504+05:30  INFO 3428 --- [Vehicle-Service] [main] o.hibernate.jpa.internal.util.LogHelper  : HHH000204: Processing PersistenceUnitInfo [name: default]
2025-06-02T11:29:36.592+05:30  INFO 3428 --- [Vehicle-Service] [main] org.hibernate.Version                    : HHH000412: Hibernate ORM core version 6.6.15.Final
2025-06-02T11:29:36.631+05:30  INFO 3428 --- [Vehicle-Service] [main] o.h.c.internal.RegionFactoryInitiator    : HHH000026: Second-level cache disabled
2025-06-02T11:29:36.867+05:30  INFO 3428 --- [Vehicle-Service] [main] o.s.o.j.p.SpringPersistenceUnitInfo      : No LoadTimeWeaver setup: ignoring JPA class transformer
2025-06-02T11:29:36.897+05:30  INFO 3428 --- [Vehicle-Service] [main] com.zaxxer.hikari.HikariDataSource       : HikariPool-1 - Starting...
2025-06-02T11:29:37.203+05:30  INFO 3428 --- [Vehicle-Service] [main] com.zaxxer.hikari.pool.HikariPool        : HikariPool-1 - Added connection com.mysql.cj.jdbc.ConnectionImpl@59c08cf1
2025-06-02T11:29:37.205+05:30  INFO 3428 --- [Vehicle-Service] [main] com.zaxxer.hikari.HikariDataSource       : HikariPool-1 - Start completed.
2025-06-02T11:29:37.263+05:30  WARN 3428 --- [Vehicle-Service] [main] org.hibernate.orm.deprecation            : HHH90000025: MySQLDialect does not need to be specified explicitly using 'hibernate.dialect' (remove the property setting and it will be selected by default)
2025-06-02T11:29:37.281+05:30  INFO 3428 --- [Vehicle-Service] [main] org.hibernate.orm.connections.pooling    : HHH10001005: Database info:
	Database JDBC URL [Connecting through datasource 'HikariDataSource (HikariPool-1)']
	Database driver: undefined/unknown
	Database version: 8.0.41
	Autocommit mode: undefined/unknown
	Isolation level: undefined/unknown
	Minimum pool size: undefined/unknown
	Maximum pool size: undefined/unknown
2025-06-02T11:29:38.055+05:30  INFO 3428 --- [Vehicle-Service] [main] o.h.e.t.j.p.i.JtaPlatformInitiator       : HHH000489: No JTA platform available (set 'hibernate.transaction.jta.platform' to enable JTA platform integration)
2025-06-02T11:29:38.111+05:30  INFO 3428 --- [Vehicle-Service] [main] j.LocalContainerEntityManagerFactoryBean : Initialized JPA EntityManagerFactory for persistence unit 'default'
2025-06-02T11:29:38.500+05:30  INFO 3428 --- [Vehicle-Service] [main] o.s.d.j.r.query.QueryEnhancerFactory     : Hibernate is in classpath; If applicable, HQL parser will be used.
2025-06-02T11:29:39.106+05:30  WARN 3428 --- [Vehicle-Service] [main] JpaBaseConfiguration$JpaWebConfiguration : spring.jpa.open-in-view is enabled by default. Therefore, database queries may be performed during view rendering. Explicitly configure spring.jpa.open-in-view to disable this warning
2025-06-02T11:29:40.214+05:30  WARN 3428 --- [Vehicle-Service] [main] thorizationManagerRequestMatcherRegistry : One of the patterns in [/api/cars/get/available, api/cars/get/{carId}, /api/cars/get, /api/cars/available] is missing a leading slash. This is discouraged; please include the leading slash in all your request matcher patterns. In future versions of Spring Security, leaving out the leading slash will result in an exception.
2025-06-02T11:29:40.708+05:30  INFO 3428 --- [Vehicle-Service] [main] o.s.b.w.embedded.tomcat.TomcatWebServer  : Tomcat started on port 8181 (http) with context path '/'
2025-06-02T11:29:40.717+05:30  INFO 3428 --- [Vehicle-Service] [main] c.h.v.VehicleServiceApplication          : Started VehicleServiceApplication in 6.562 seconds (process running for 7.159)
2025-06-02T11:49:20.816+05:30  INFO 3428 --- [Vehicle-Service] [RMI TCP Connection(23)-127.0.0.1] inMXBeanRegistrar$SpringApplicationAdmin : Application shutdown requested.
2025-06-02T11:49:21.032+05:30  INFO 3428 --- [Vehicle-Service] [RMI TCP Connection(23)-127.0.0.1] o.s.b.w.e.tomcat.GracefulShutdown        : Commencing graceful shutdown. Waiting for active requests to complete
2025-06-02T11:49:21.069+05:30  INFO 3428 --- [Vehicle-Service] [tomcat-shutdown] o.s.b.w.e.tomcat.GracefulShutdown        : Graceful shutdown complete
2025-06-02T11:49:21.131+05:30  INFO 3428 --- [Vehicle-Service] [RMI TCP Connection(23)-127.0.0.1] j.LocalContainerEntityManagerFactoryBean : Closing JPA EntityManagerFactory for persistence unit 'default'
2025-06-02T11:49:21.187+05:30  INFO 3428 --- [Vehicle-Service] [RMI TCP Connection(23)-127.0.0.1] com.zaxxer.hikari.HikariDataSource       : HikariPool-1 - Shutdown initiated...
2025-06-02T11:49:21.242+05:30  INFO 3428 --- [Vehicle-Service] [RMI TCP Connection(23)-127.0.0.1] com.zaxxer.hikari.HikariDataSource       : HikariPool-1 - Shutdown completed.
2025-06-02T11:49:23.666+05:30  INFO 18648 --- [Vehicle-Service] [main] c.h.v.VehicleServiceApplication          : Starting VehicleServiceApplication using Java 21.0.6 with PID 18648 (C:\Users\Tharun\Desktop\Hexaware\Java_Angular_Hexaware\CaseStudy\Vehicle-Service\target\classes started by Tharun in C:\Users\Tharun\Desktop\Hexaware\Java_Angular_Hexaware\CaseStudy\Vehicle-Service)
2025-06-02T11:49:23.675+05:30 DEBUG 18648 --- [Vehicle-Service] [main] c.h.v.VehicleServiceApplication          : Running with Spring Boot v3.5.0, Spring v6.2.7
2025-06-02T11:49:23.676+05:30  INFO 18648 --- [Vehicle-Service] [main] c.h.v.VehicleServiceApplication          : No active profile set, falling back to 1 default profile: "default"
2025-06-02T11:49:24.565+05:30  INFO 18648 --- [Vehicle-Service] [main] .s.d.r.c.RepositoryConfigurationDelegate : Bootstrapping Spring Data JPA repositories in DEFAULT mode.
2025-06-02T11:49:24.632+05:30  INFO 18648 --- [Vehicle-Service] [main] .s.d.r.c.RepositoryConfigurationDelegate : Finished Spring Data repository scanning in 52 ms. Found 1 JPA repository interface.
2025-06-02T11:49:25.161+05:30  INFO 18648 --- [Vehicle-Service] [main] o.s.b.w.embedded.tomcat.TomcatWebServer  : Tomcat initialized with port 8181 (http)
2025-06-02T11:49:25.177+05:30  INFO 18648 --- [Vehicle-Service] [main] o.apache.catalina.core.StandardService   : Starting service [Tomcat]
2025-06-02T11:49:25.177+05:30  INFO 18648 --- [Vehicle-Service] [main] o.apache.catalina.core.StandardEngine    : Starting Servlet engine: [Apache Tomcat/10.1.41]
2025-06-02T11:49:25.232+05:30  INFO 18648 --- [Vehicle-Service] [main] o.a.c.c.C.[Tomcat].[localhost].[/]       : Initializing Spring embedded WebApplicationContext
2025-06-02T11:49:25.234+05:30  INFO 18648 --- [Vehicle-Service] [main] w.s.c.ServletWebServerApplicationContext : Root WebApplicationContext: initialization completed in 1506 ms
2025-06-02T11:49:25.295+05:30 DEBUG 18648 --- [Vehicle-Service] [main] c.h.vehicleservice.filter.JwtAuthFilter  : Filter 'jwtAuthFilter' configured for use
2025-06-02T11:49:25.420+05:30  INFO 18648 --- [Vehicle-Service] [main] o.hibernate.jpa.internal.util.LogHelper  : HHH000204: Processing PersistenceUnitInfo [name: default]
2025-06-02T11:49:25.484+05:30  INFO 18648 --- [Vehicle-Service] [main] org.hibernate.Version                    : HHH000412: Hibernate ORM core version 6.6.15.Final
2025-06-02T11:49:25.513+05:30  INFO 18648 --- [Vehicle-Service] [main] o.h.c.internal.RegionFactoryInitiator    : HHH000026: Second-level cache disabled
2025-06-02T11:49:25.733+05:30  INFO 18648 --- [Vehicle-Service] [main] o.s.o.j.p.SpringPersistenceUnitInfo      : No LoadTimeWeaver setup: ignoring JPA class transformer
2025-06-02T11:49:25.764+05:30  INFO 18648 --- [Vehicle-Service] [main] com.zaxxer.hikari.HikariDataSource       : HikariPool-1 - Starting...
2025-06-02T11:49:26.125+05:30  INFO 18648 --- [Vehicle-Service] [main] com.zaxxer.hikari.pool.HikariPool        : HikariPool-1 - Added connection com.mysql.cj.jdbc.ConnectionImpl@41404aa2
2025-06-02T11:49:26.127+05:30  INFO 18648 --- [Vehicle-Service] [main] com.zaxxer.hikari.HikariDataSource       : HikariPool-1 - Start completed.
2025-06-02T11:49:26.188+05:30  WARN 18648 --- [Vehicle-Service] [main] org.hibernate.orm.deprecation            : HHH90000025: MySQLDialect does not need to be specified explicitly using 'hibernate.dialect' (remove the property setting and it will be selected by default)
2025-06-02T11:49:26.210+05:30  INFO 18648 --- [Vehicle-Service] [main] org.hibernate.orm.connections.pooling    : HHH10001005: Database info:
	Database JDBC URL [Connecting through datasource 'HikariDataSource (HikariPool-1)']
	Database driver: undefined/unknown
	Database version: 8.0.41
	Autocommit mode: undefined/unknown
	Isolation level: undefined/unknown
	Minimum pool size: undefined/unknown
	Maximum pool size: undefined/unknown
2025-06-02T11:49:27.160+05:30  INFO 18648 --- [Vehicle-Service] [main] o.h.e.t.j.p.i.JtaPlatformInitiator       : HHH000489: No JTA platform available (set 'hibernate.transaction.jta.platform' to enable JTA platform integration)
2025-06-02T11:49:27.222+05:30  INFO 18648 --- [Vehicle-Service] [main] j.LocalContainerEntityManagerFactoryBean : Initialized JPA EntityManagerFactory for persistence unit 'default'
2025-06-02T11:49:27.464+05:30  INFO 18648 --- [Vehicle-Service] [main] o.s.d.j.r.query.QueryEnhancerFactory     : Hibernate is in classpath; If applicable, HQL parser will be used.
2025-06-02T11:49:28.159+05:30  WARN 18648 --- [Vehicle-Service] [main] JpaBaseConfiguration$JpaWebConfiguration : spring.jpa.open-in-view is enabled by default. Therefore, database queries may be performed during view rendering. Explicitly configure spring.jpa.open-in-view to disable this warning
2025-06-02T11:49:29.489+05:30  WARN 18648 --- [Vehicle-Service] [main] thorizationManagerRequestMatcherRegistry : One of the patterns in [/api/cars/get/available, api/cars/get/{carId}, /api/cars/get, /api/cars/available] is missing a leading slash. This is discouraged; please include the leading slash in all your request matcher patterns. In future versions of Spring Security, leaving out the leading slash will result in an exception.
2025-06-02T11:49:29.931+05:30  INFO 18648 --- [Vehicle-Service] [main] o.s.b.w.embedded.tomcat.TomcatWebServer  : Tomcat started on port 8181 (http) with context path '/'
2025-06-02T11:49:29.941+05:30  INFO 18648 --- [Vehicle-Service] [main] c.h.v.VehicleServiceApplication          : Started VehicleServiceApplication in 6.685 seconds (process running for 7.396)
2025-06-02T12:27:46.766+05:30  INFO 18648 --- [Vehicle-Service] [http-nio-8181-exec-2] o.a.c.c.C.[Tomcat].[localhost].[/]       : Initializing Spring DispatcherServlet 'dispatcherServlet'
2025-06-02T12:27:46.783+05:30  INFO 18648 --- [Vehicle-Service] [http-nio-8181-exec-2] o.s.web.servlet.DispatcherServlet        : Initializing Servlet 'dispatcherServlet'
2025-06-02T12:27:46.890+05:30  INFO 18648 --- [Vehicle-Service] [http-nio-8181-exec-2] o.s.web.servlet.DispatcherServlet        : Completed initialization in 106 ms
2025-06-02T12:27:47.448+05:30  INFO 18648 --- [Vehicle-Service] [http-nio-8181-exec-2] c.h.v.service.CarServiceImp              : Adding a new car: com.hexaware.vehicleservice.dto.CarDTO@940a4a0
2025-06-02T12:27:47.723+05:30 DEBUG 18648 --- [Vehicle-Service] [http-nio-8181-exec-2] c.h.v.service.CarServiceImp              : Car saved successfully: Car [carId=402, carName=Toyota, year=2014, make=Tata, carStatus=available, location=Chennai, passengerCapacity=5, pricePerDay=1900.0]
2025-06-02T12:43:06.217+05:30  WARN 18648 --- [Vehicle-Service] [http-nio-8181-exec-6] .w.s.m.s.DefaultHandlerExceptionResolver : Resolved [org.springframework.web.bind.MethodArgumentNotValidException: Validation failed for argument [1] in public org.springframework.http.ResponseEntity<com.hexaware.vehicleservice.entity.Car> com.hexaware.vehicleservice.restcontroller.CarRestController.updateCar(java.lang.Long,com.hexaware.vehicleservice.dto.CarDTO) throws com.hexaware.vehicleservice.exception.CarNotFoundException: [Field error in object 'carDTO' on field 'carStatus': rejected value [Unavailable]; codes [Pattern.carDTO.carStatus,Pattern.carStatus,Pattern.java.lang.String,Pattern]; arguments [org.springframework.context.support.DefaultMessageSourceResolvable: codes [carDTO.carStatus,carStatus]; arguments []; default message [carStatus],[Ljakarta.validation.constraints.Pattern$Flag;@46b63712,^(available|rented|maintenance)$]; default message [Car status must be one of: available, rented, maintenance]] ]
2025-06-02T12:43:56.121+05:30  INFO 18648 --- [Vehicle-Service] [http-nio-8181-exec-7] c.h.v.service.CarServiceImp              : Updating car: com.hexaware.vehicleservice.dto.CarDTO@52159dfc
2025-06-02T12:43:56.609+05:30  WARN 18648 --- [Vehicle-Service] [http-nio-8181-exec-7] c.h.v.service.CarServiceImp              : Attempted to update non-existing car with id=52 
2025-06-02T12:44:29.465+05:30  INFO 18648 --- [Vehicle-Service] [http-nio-8181-exec-8] c.h.v.service.CarServiceImp              : Updating car: com.hexaware.vehicleservice.dto.CarDTO@2e48bdac
2025-06-02T12:44:29.506+05:30 DEBUG 18648 --- [Vehicle-Service] [http-nio-8181-exec-8] c.h.v.service.CarServiceImp              : Car updated successfully: Car [carId=152, carName=dummyy, year=2016, make=dummyy, carStatus=available, location=abc, passengerCapacity=5, pricePerDay=1100.0]
2025-06-02T12:54:01.373+05:30  INFO 18648 --- [Vehicle-Service] [RMI TCP Connection(69)-127.0.0.1] inMXBeanRegistrar$SpringApplicationAdmin : Application shutdown requested.
2025-06-02T12:54:01.598+05:30  INFO 18648 --- [Vehicle-Service] [RMI TCP Connection(69)-127.0.0.1] o.s.b.w.e.tomcat.GracefulShutdown        : Commencing graceful shutdown. Waiting for active requests to complete
2025-06-02T12:54:01.638+05:30  INFO 18648 --- [Vehicle-Service] [tomcat-shutdown] o.s.b.w.e.tomcat.GracefulShutdown        : Graceful shutdown complete
2025-06-02T12:54:01.743+05:30  INFO 18648 --- [Vehicle-Service] [RMI TCP Connection(69)-127.0.0.1] j.LocalContainerEntityManagerFactoryBean : Closing JPA EntityManagerFactory for persistence unit 'default'
2025-06-02T12:54:01.812+05:30  INFO 18648 --- [Vehicle-Service] [RMI TCP Connection(69)-127.0.0.1] com.zaxxer.hikari.HikariDataSource       : HikariPool-1 - Shutdown initiated...
2025-06-02T12:54:01.837+05:30  INFO 18648 --- [Vehicle-Service] [RMI TCP Connection(69)-127.0.0.1] com.zaxxer.hikari.HikariDataSource       : HikariPool-1 - Shutdown completed.
2025-06-02T12:54:04.212+05:30  INFO 10880 --- [Vehicle-Service] [main] c.h.v.VehicleServiceApplication          : Starting VehicleServiceApplication using Java 21.0.6 with PID 10880 (C:\Users\Tharun\Desktop\Hexaware\Java_Angular_Hexaware\CaseStudy\Vehicle-Service\target\classes started by Tharun in C:\Users\Tharun\Desktop\Hexaware\Java_Angular_Hexaware\CaseStudy\Vehicle-Service)
2025-06-02T12:54:04.214+05:30 DEBUG 10880 --- [Vehicle-Service] [main] c.h.v.VehicleServiceApplication          : Running with Spring Boot v3.5.0, Spring v6.2.7
2025-06-02T12:54:04.215+05:30  INFO 10880 --- [Vehicle-Service] [main] c.h.v.VehicleServiceApplication          : No active profile set, falling back to 1 default profile: "default"
2025-06-02T12:54:05.239+05:30  INFO 10880 --- [Vehicle-Service] [main] .s.d.r.c.RepositoryConfigurationDelegate : Bootstrapping Spring Data JPA repositories in DEFAULT mode.
2025-06-02T12:54:05.304+05:30  INFO 10880 --- [Vehicle-Service] [main] .s.d.r.c.RepositoryConfigurationDelegate : Finished Spring Data repository scanning in 48 ms. Found 1 JPA repository interface.
2025-06-02T12:54:06.078+05:30  INFO 10880 --- [Vehicle-Service] [main] o.s.b.w.embedded.tomcat.TomcatWebServer  : Tomcat initialized with port 8181 (http)
2025-06-02T12:54:06.091+05:30  INFO 10880 --- [Vehicle-Service] [main] o.apache.catalina.core.StandardService   : Starting service [Tomcat]
2025-06-02T12:54:06.091+05:30  INFO 10880 --- [Vehicle-Service] [main] o.apache.catalina.core.StandardEngine    : Starting Servlet engine: [Apache Tomcat/10.1.41]
2025-06-02T12:54:06.140+05:30  INFO 10880 --- [Vehicle-Service] [main] o.a.c.c.C.[Tomcat].[localhost].[/]       : Initializing Spring embedded WebApplicationContext
2025-06-02T12:54:06.141+05:30  INFO 10880 --- [Vehicle-Service] [main] w.s.c.ServletWebServerApplicationContext : Root WebApplicationContext: initialization completed in 1866 ms
2025-06-02T12:54:06.192+05:30 DEBUG 10880 --- [Vehicle-Service] [main] c.h.vehicleservice.filter.JwtAuthFilter  : Filter 'jwtAuthFilter' configured for use
2025-06-02T12:54:06.341+05:30  INFO 10880 --- [Vehicle-Service] [main] o.hibernate.jpa.internal.util.LogHelper  : HHH000204: Processing PersistenceUnitInfo [name: default]
2025-06-02T12:54:06.397+05:30  INFO 10880 --- [Vehicle-Service] [main] org.hibernate.Version                    : HHH000412: Hibernate ORM core version 6.6.15.Final
2025-06-02T12:54:06.433+05:30  INFO 10880 --- [Vehicle-Service] [main] o.h.c.internal.RegionFactoryInitiator    : HHH000026: Second-level cache disabled
2025-06-02T12:54:06.659+05:30  INFO 10880 --- [Vehicle-Service] [main] o.s.o.j.p.SpringPersistenceUnitInfo      : No LoadTimeWeaver setup: ignoring JPA class transformer
2025-06-02T12:54:06.685+05:30  INFO 10880 --- [Vehicle-Service] [main] com.zaxxer.hikari.HikariDataSource       : HikariPool-1 - Starting...
2025-06-02T12:54:07.003+05:30  INFO 10880 --- [Vehicle-Service] [main] com.zaxxer.hikari.pool.HikariPool        : HikariPool-1 - Added connection com.mysql.cj.jdbc.ConnectionImpl@cfacf0
2025-06-02T12:54:07.005+05:30  INFO 10880 --- [Vehicle-Service] [main] com.zaxxer.hikari.HikariDataSource       : HikariPool-1 - Start completed.
2025-06-02T12:54:07.067+05:30  WARN 10880 --- [Vehicle-Service] [main] org.hibernate.orm.deprecation            : HHH90000025: MySQLDialect does not need to be specified explicitly using 'hibernate.dialect' (remove the property setting and it will be selected by default)
2025-06-02T12:54:07.087+05:30  INFO 10880 --- [Vehicle-Service] [main] org.hibernate.orm.connections.pooling    : HHH10001005: Database info:
	Database JDBC URL [Connecting through datasource 'HikariDataSource (HikariPool-1)']
	Database driver: undefined/unknown
	Database version: 8.0.41
	Autocommit mode: undefined/unknown
	Isolation level: undefined/unknown
	Minimum pool size: undefined/unknown
	Maximum pool size: undefined/unknown
2025-06-02T12:54:07.871+05:30  INFO 10880 --- [Vehicle-Service] [main] o.h.e.t.j.p.i.JtaPlatformInitiator       : HHH000489: No JTA platform available (set 'hibernate.transaction.jta.platform' to enable JTA platform integration)
2025-06-02T12:54:07.927+05:30  INFO 10880 --- [Vehicle-Service] [main] j.LocalContainerEntityManagerFactoryBean : Initialized JPA EntityManagerFactory for persistence unit 'default'
2025-06-02T12:54:08.390+05:30  INFO 10880 --- [Vehicle-Service] [main] o.s.d.j.r.query.QueryEnhancerFactory     : Hibernate is in classpath; If applicable, HQL parser will be used.
2025-06-02T12:54:09.164+05:30  WARN 10880 --- [Vehicle-Service] [main] JpaBaseConfiguration$JpaWebConfiguration : spring.jpa.open-in-view is enabled by default. Therefore, database queries may be performed during view rendering. Explicitly configure spring.jpa.open-in-view to disable this warning
2025-06-02T12:54:10.146+05:30  WARN 10880 --- [Vehicle-Service] [main] thorizationManagerRequestMatcherRegistry : One of the patterns in [/api/cars/get/available, api/cars/get/{carId}, /api/cars/get, /api/cars/available] is missing a leading slash. This is discouraged; please include the leading slash in all your request matcher patterns. In future versions of Spring Security, leaving out the leading slash will result in an exception.
2025-06-02T12:54:10.615+05:30  INFO 10880 --- [Vehicle-Service] [main] o.s.b.w.embedded.tomcat.TomcatWebServer  : Tomcat started on port 8181 (http) with context path '/'
2025-06-02T12:54:10.623+05:30  INFO 10880 --- [Vehicle-Service] [main] c.h.v.VehicleServiceApplication          : Started VehicleServiceApplication in 6.886 seconds (process running for 7.501)
2025-06-02T13:02:04.168+05:30  INFO 10880 --- [Vehicle-Service] [RMI TCP Connection(10)-127.0.0.1] inMXBeanRegistrar$SpringApplicationAdmin : Application shutdown requested.
2025-06-02T13:02:04.202+05:30  INFO 10880 --- [Vehicle-Service] [RMI TCP Connection(10)-127.0.0.1] o.s.b.w.e.tomcat.GracefulShutdown        : Commencing graceful shutdown. Waiting for active requests to complete
2025-06-02T13:02:04.209+05:30  INFO 10880 --- [Vehicle-Service] [tomcat-shutdown] o.s.b.w.e.tomcat.GracefulShutdown        : Graceful shutdown complete
2025-06-02T13:02:04.221+05:30  INFO 10880 --- [Vehicle-Service] [RMI TCP Connection(10)-127.0.0.1] j.LocalContainerEntityManagerFactoryBean : Closing JPA EntityManagerFactory for persistence unit 'default'
2025-06-02T13:02:04.230+05:30  INFO 10880 --- [Vehicle-Service] [RMI TCP Connection(10)-127.0.0.1] com.zaxxer.hikari.HikariDataSource       : HikariPool-1 - Shutdown initiated...
2025-06-02T13:02:04.242+05:30  INFO 10880 --- [Vehicle-Service] [RMI TCP Connection(10)-127.0.0.1] com.zaxxer.hikari.HikariDataSource       : HikariPool-1 - Shutdown completed.
2025-06-02T13:02:06.273+05:30  INFO 23680 --- [Vehicle-Service] [main] c.h.v.VehicleServiceApplication          : Starting VehicleServiceApplication using Java 21.0.6 with PID 23680 (C:\Users\Tharun\Desktop\Hexaware\Java_Angular_Hexaware\CaseStudy\Vehicle-Service\target\classes started by Tharun in C:\Users\Tharun\Desktop\Hexaware\Java_Angular_Hexaware\CaseStudy\Vehicle-Service)
2025-06-02T13:02:06.276+05:30 DEBUG 23680 --- [Vehicle-Service] [main] c.h.v.VehicleServiceApplication          : Running with Spring Boot v3.5.0, Spring v6.2.7
2025-06-02T13:02:06.277+05:30  INFO 23680 --- [Vehicle-Service] [main] c.h.v.VehicleServiceApplication          : No active profile set, falling back to 1 default profile: "default"
2025-06-02T13:02:07.212+05:30  INFO 23680 --- [Vehicle-Service] [main] .s.d.r.c.RepositoryConfigurationDelegate : Bootstrapping Spring Data JPA repositories in DEFAULT mode.
2025-06-02T13:02:07.272+05:30  INFO 23680 --- [Vehicle-Service] [main] .s.d.r.c.RepositoryConfigurationDelegate : Finished Spring Data repository scanning in 46 ms. Found 1 JPA repository interface.
2025-06-02T13:02:07.803+05:30  INFO 23680 --- [Vehicle-Service] [main] o.s.b.w.embedded.tomcat.TomcatWebServer  : Tomcat initialized with port 8181 (http)
2025-06-02T13:02:07.818+05:30  INFO 23680 --- [Vehicle-Service] [main] o.apache.catalina.core.StandardService   : Starting service [Tomcat]
2025-06-02T13:02:07.819+05:30  INFO 23680 --- [Vehicle-Service] [main] o.apache.catalina.core.StandardEngine    : Starting Servlet engine: [Apache Tomcat/10.1.41]
2025-06-02T13:02:07.875+05:30  INFO 23680 --- [Vehicle-Service] [main] o.a.c.c.C.[Tomcat].[localhost].[/]       : Initializing Spring embedded WebApplicationContext
2025-06-02T13:02:07.876+05:30  INFO 23680 --- [Vehicle-Service] [main] w.s.c.ServletWebServerApplicationContext : Root WebApplicationContext: initialization completed in 1527 ms
2025-06-02T13:02:07.955+05:30 DEBUG 23680 --- [Vehicle-Service] [main] c.h.vehicleservice.filter.JwtAuthFilter  : Filter 'jwtAuthFilter' configured for use
2025-06-02T13:02:08.077+05:30  INFO 23680 --- [Vehicle-Service] [main] o.hibernate.jpa.internal.util.LogHelper  : HHH000204: Processing PersistenceUnitInfo [name: default]
2025-06-02T13:02:08.135+05:30  INFO 23680 --- [Vehicle-Service] [main] org.hibernate.Version                    : HHH000412: Hibernate ORM core version 6.6.15.Final
2025-06-02T13:02:08.168+05:30  INFO 23680 --- [Vehicle-Service] [main] o.h.c.internal.RegionFactoryInitiator    : HHH000026: Second-level cache disabled
2025-06-02T13:02:08.398+05:30  INFO 23680 --- [Vehicle-Service] [main] o.s.o.j.p.SpringPersistenceUnitInfo      : No LoadTimeWeaver setup: ignoring JPA class transformer
2025-06-02T13:02:08.427+05:30  INFO 23680 --- [Vehicle-Service] [main] com.zaxxer.hikari.HikariDataSource       : HikariPool-1 - Starting...
2025-06-02T13:02:08.733+05:30  INFO 23680 --- [Vehicle-Service] [main] com.zaxxer.hikari.pool.HikariPool        : HikariPool-1 - Added connection com.mysql.cj.jdbc.ConnectionImpl@4746fb8c
2025-06-02T13:02:08.735+05:30  INFO 23680 --- [Vehicle-Service] [main] com.zaxxer.hikari.HikariDataSource       : HikariPool-1 - Start completed.
2025-06-02T13:02:08.785+05:30  WARN 23680 --- [Vehicle-Service] [main] org.hibernate.orm.deprecation            : HHH90000025: MySQLDialect does not need to be specified explicitly using 'hibernate.dialect' (remove the property setting and it will be selected by default)
2025-06-02T13:02:08.801+05:30  INFO 23680 --- [Vehicle-Service] [main] org.hibernate.orm.connections.pooling    : HHH10001005: Database info:
	Database JDBC URL [Connecting through datasource 'HikariDataSource (HikariPool-1)']
	Database driver: undefined/unknown
	Database version: 8.0.41
	Autocommit mode: undefined/unknown
	Isolation level: undefined/unknown
	Minimum pool size: undefined/unknown
	Maximum pool size: undefined/unknown
2025-06-02T13:02:09.558+05:30  INFO 23680 --- [Vehicle-Service] [main] o.h.e.t.j.p.i.JtaPlatformInitiator       : HHH000489: No JTA platform available (set 'hibernate.transaction.jta.platform' to enable JTA platform integration)
2025-06-02T13:02:09.618+05:30  INFO 23680 --- [Vehicle-Service] [main] j.LocalContainerEntityManagerFactoryBean : Initialized JPA EntityManagerFactory for persistence unit 'default'
2025-06-02T13:02:09.881+05:30  INFO 23680 --- [Vehicle-Service] [main] o.s.d.j.r.query.QueryEnhancerFactory     : Hibernate is in classpath; If applicable, HQL parser will be used.
2025-06-02T13:02:10.495+05:30  WARN 23680 --- [Vehicle-Service] [main] JpaBaseConfiguration$JpaWebConfiguration : spring.jpa.open-in-view is enabled by default. Therefore, database queries may be performed during view rendering. Explicitly configure spring.jpa.open-in-view to disable this warning
2025-06-02T13:02:11.326+05:30  WARN 23680 --- [Vehicle-Service] [main] thorizationManagerRequestMatcherRegistry : One of the patterns in [/api/cars/get/available, api/cars/get/{carId}, /api/cars/get, /api/cars/available] is missing a leading slash. This is discouraged; please include the leading slash in all your request matcher patterns. In future versions of Spring Security, leaving out the leading slash will result in an exception.
2025-06-02T13:02:11.763+05:30  INFO 23680 --- [Vehicle-Service] [main] o.s.b.w.embedded.tomcat.TomcatWebServer  : Tomcat started on port 8181 (http) with context path '/'
2025-06-02T13:02:11.781+05:30  INFO 23680 --- [Vehicle-Service] [main] c.h.v.VehicleServiceApplication          : Started VehicleServiceApplication in 5.971 seconds (process running for 6.61)
2025-06-02T13:07:23.710+05:30  INFO 23680 --- [Vehicle-Service] [http-nio-8181-exec-2] o.a.c.c.C.[Tomcat].[localhost].[/]       : Initializing Spring DispatcherServlet 'dispatcherServlet'
2025-06-02T13:07:23.716+05:30  INFO 23680 --- [Vehicle-Service] [http-nio-8181-exec-2] o.s.web.servlet.DispatcherServlet        : Initializing Servlet 'dispatcherServlet'
2025-06-02T13:07:23.751+05:30  INFO 23680 --- [Vehicle-Service] [http-nio-8181-exec-2] o.s.web.servlet.DispatcherServlet        : Completed initialization in 34 ms
2025-06-02T13:07:24.318+05:30  INFO 23680 --- [Vehicle-Service] [http-nio-8181-exec-2] c.h.v.service.CarServiceImp              : Adding a new car: com.hexaware.vehicleservice.dto.CarDTO@2b326cea
2025-06-02T13:07:24.488+05:30 DEBUG 23680 --- [Vehicle-Service] [http-nio-8181-exec-2] c.h.v.service.CarServiceImp              : Car saved successfully: Car [carId=452, carName=TestCar, year=2019, make=Tata, carStatus=available, location=Chennai, passengerCapacity=7, pricePerDay=2000.0]
